# JRE version: Java(TM) SE Runtime Environment (17.0.9+11) (build 17.0.9+11-LTS-201)
# Java VM: Java HotSpot(TM) 64-Bit Server VM (17.0.9+11-LTS-201, mixed mode, sharing, tiered, compressed oops, compressed class ptrs, g1 gc, windows-amd64)
GC Precious Log:
 CPUs: 12 total, 12 available
 Memory: 5996M
 Large Page Support: Disabled
 NUMA Support: Disabled
 Compressed Oops: Enabled (32-bit)
 Heap Region Size: 1M
 Heap Min Capacity: 8M
 Heap Initial Capacity: 94M
 Heap Max Capacity: 1500M
 Pre-touch: Disabled
 Parallel Workers: 10
 Concurrent Workers: 3
 Concurrent Refinement Workers: 10
 Periodic GC: Disabled
Heap:
 garbage-first heap   total 227328K, used 94569K [0x00000000a2400000, 0x0000000100000000)
  region size 1024K, 20 young (20480K), 8 survivors (8192K)
 Metaspace       used 46002K, committed 46400K, reserved 1114112K
  class space    used 5263K, committed 5440K, reserved 1048576K
GC Heap History (20 events):
Event: 12.152 GC heap before
{Heap before GC invocations=12 (full 0):
 garbage-first heap   total 95232K, used 54254K [0x00000000a2400000, 0x0000000100000000)
  region size 1024K, 5 young (5120K), 4 survivors (4096K)
 Metaspace       used 33642K, committed 33984K, reserved 1114112K
  class space    used 3870K, committed 4032K, reserved 1048576K
}
Event: 12.156 GC heap after
{Heap after GC invocations=13 (full 0):
 garbage-first heap   total 95232K, used 53437K [0x00000000a2400000, 0x0000000100000000)
  region size 1024K, 1 young (1024K), 1 survivors (1024K)
 Metaspace       used 33642K, committed 33984K, reserved 1114112K
  class space    used 3870K, committed 4032K, reserved 1048576K
}
Event: 12.604 GC heap before
{Heap before GC invocations=13 (full 0):
 garbage-first heap   total 95232K, used 70845K [0x00000000a2400000, 0x0000000100000000)
  region size 1024K, 18 young (18432K), 1 survivors (1024K)
 Metaspace       used 34231K, committed 34560K, reserved 1114112K
  class space    used 3940K, committed 4096K, reserved 1048576K
}
Event: 12.612 GC heap after
{Heap after GC invocations=14 (full 0):
 garbage-first heap   total 95232K, used 57778K [0x00000000a2400000, 0x0000000100000000)
  region size 1024K, 3 young (3072K), 3 survivors (3072K)
 Metaspace       used 34231K, committed 34560K, reserved 1114112K
  class space    used 3940K, committed 4096K, reserved 1048576K
}
Event: 12.782 GC heap before
{Heap before GC invocations=15 (full 0):
 garbage-first heap   total 106496K, used 73138K [0x00000000a2400000, 0x0000000100000000)
  region size 1024K, 17 young (17408K), 3 survivors (3072K)
 Metaspace       used 34426K, committed 34752K, reserved 1114112K
  class space    used 3941K, committed 4096K, reserved 1048576K
}
Event: 12.790 GC heap after
{Heap after GC invocations=16 (full 0):
 garbage-first heap   total 106496K, used 61240K [0x00000000a2400000, 0x0000000100000000)
  region size 1024K, 3 young (3072K), 3 survivors (3072K)
 Metaspace       used 34426K, committed 34752K, reserved 1114112K
  class space    used 3941K, committed 4096K, reserved 1048576K
}
Event: 12.809 GC heap before
{Heap before GC invocations=16 (full 0):
 garbage-first heap   total 106496K, used 63288K [0x00000000a2400000, 0x0000000100000000)
  region size 1024K, 5 young (5120K), 3 survivors (3072K)
 Metaspace       used 34439K, committed 34752K, reserved 1114112K
  class space    used 3941K, committed 4096K, reserved 1048576K
}
Event: 12.814 GC heap after
{Heap after GC invocations=17 (full 0):
 garbage-first heap   total 106496K, used 61587K [0x00000000a2400000, 0x0000000100000000)
  region size 1024K, 1 young (1024K), 1 survivors (1024K)
 Metaspace       used 34439K, committed 34752K, reserved 1114112K
  class space    used 3941K, committed 4096K, reserved 1048576K
}
Event: 12.934 GC heap before
{Heap before GC invocations=17 (full 0):
 garbage-first heap   total 106496K, used 72851K [0x00000000a2400000, 0x0000000100000000)
  region size 1024K, 13 young (13312K), 1 survivors (1024K)
 Metaspace       used 34572K, committed 34880K, reserved 1114112K
  class space    used 3947K, committed 4096K, reserved 1048576K
}
Event: 12.943 GC heap after
{Heap after GC invocations=18 (full 0):
 garbage-first heap   total 227328K, used 63223K [0x00000000a2400000, 0x0000000100000000)
  region size 1024K, 3 young (3072K), 3 survivors (3072K)
 Metaspace       used 34572K, committed 34880K, reserved 1114112K
  class space    used 3947K, committed 4096K, reserved 1048576K
}
Event: 14.055 GC heap before
{Heap before GC invocations=18 (full 0):
 garbage-first heap   total 227328K, used 143095K [0x00000000a2400000, 0x0000000100000000)
  region size 1024K, 80 young (81920K), 3 survivors (3072K)
 Metaspace       used 37125K, committed 37440K, reserved 1114112K
  class space    used 4210K, committed 4352K, reserved 1048576K
}
Event: 14.061 GC heap after
{Heap after GC invocations=19 (full 0):
 garbage-first heap   total 227328K, used 68147K [0x00000000a2400000, 0x0000000100000000)
  region size 1024K, 7 young (7168K), 7 survivors (7168K)
 Metaspace       used 37125K, committed 37440K, reserved 1114112K
  class space    used 4210K, committed 4352K, reserved 1048576K
}
Event: 14.513 GC heap before
{Heap before GC invocations=19 (full 0):
 garbage-first heap   total 227328K, used 153139K [0x00000000a2400000, 0x0000000100000000)
  region size 1024K, 90 young (92160K), 7 survivors (7168K)
 Metaspace       used 37496K, committed 37824K, reserved 1114112K
  class space    used 4227K, committed 4416K, reserved 1048576K
}
Event: 14.523 GC heap after
{Heap after GC invocations=20 (full 0):
 garbage-first heap   total 227328K, used 72953K [0x00000000a2400000, 0x0000000100000000)
  region size 1024K, 11 young (11264K), 11 survivors (11264K)
 Metaspace       used 37496K, committed 37824K, reserved 1114112K
  class space    used 4227K, committed 4416K, reserved 1048576K
}
Event: 15.574 GC heap before
{Heap before GC invocations=20 (full 0):
 garbage-first heap   total 227328K, used 165113K [0x00000000a2400000, 0x0000000100000000)
  region size 1024K, 101 young (103424K), 11 survivors (11264K)
 Metaspace       used 43675K, committed 44032K, reserved 1114112K
  class space    used 5042K, committed 5248K, reserved 1048576K
}
Event: 15.588 GC heap after
{Heap after GC invocations=21 (full 0):
 garbage-first heap   total 227328K, used 78903K [0x00000000a2400000, 0x0000000100000000)
  region size 1024K, 11 young (11264K), 11 survivors (11264K)
 Metaspace       used 43675K, committed 44032K, reserved 1114112K
  class space    used 5042K, committed 5248K, reserved 1048576K
}
Event: 16.014 GC heap before
{Heap before GC invocations=21 (full 0):
 garbage-first heap   total 227328K, used 172087K [0x00000000a2400000, 0x0000000100000000)
  region size 1024K, 102 young (104448K), 11 survivors (11264K)
 Metaspace       used 43803K, committed 44160K, reserved 1114112K
  class space    used 5042K, committed 5248K, reserved 1048576K
}
Event: 16.020 GC heap after
{Heap after GC invocations=22 (full 0):
 garbage-first heap   total 227328K, used 79061K [0x00000000a2400000, 0x0000000100000000)
  region size 1024K, 7 young (7168K), 7 survivors (7168K)
 Metaspace       used 43803K, committed 44160K, reserved 1114112K
  class space    used 5042K, committed 5248K, reserved 1048576K
}
Event: 17.013 GC heap before
{Heap before GC invocations=22 (full 0):
 garbage-first heap   total 227328K, used 179413K [0x00000000a2400000, 0x0000000100000000)
  region size 1024K, 105 young (107520K), 7 survivors (7168K)
 Metaspace       used 45830K, committed 46208K, reserved 1114112K
  class space    used 5257K, committed 5440K, reserved 1048576K
}
Event: 17.026 GC heap after
{Heap after GC invocations=23 (full 0):
 garbage-first heap   total 227328K, used 80233K [0x00000000a2400000, 0x0000000100000000)
  region size 1024K, 8 young (8192K), 8 survivors (8192K)
 Metaspace       used 45830K, committed 46208K, reserved 1114112K
  class space    used 5257K, committed 5440K, reserved 1048576K
}

